ERROR - 2023-05-08 07:15:02 --> mysqli_sql_exception: Table 'db_berita.tbl_user' doesn't exist in engine in C:\xampp\htdocs\Portal_berita\system\Database\MySQLi\Connection.php:295
Stack trace:
#0 C:\xampp\htdocs\Portal_berita\system\Database\MySQLi\Connection.php(295): mysqli->query('SELECT *\nFROM `...', 0)
#1 C:\xampp\htdocs\Portal_berita\system\Database\BaseConnection.php(691): CodeIgniter\Database\MySQLi\Connection->execute('SELECT *\nFROM `...')
#2 C:\xampp\htdocs\Portal_berita\system\Database\BaseConnection.php(605): CodeIgniter\Database\BaseConnection->simpleQuery('SELECT *\nFROM `...')
#3 C:\xampp\htdocs\Portal_berita\system\Database\BaseBuilder.php(1616): CodeIgniter\Database\BaseConnection->query('SELECT *\nFROM `...', Array, false)
#4 C:\xampp\htdocs\Portal_berita\system\Model.php(840): CodeIgniter\Database\BaseBuilder->get()
#5 C:\xampp\htdocs\Portal_berita\app\Models\User_model.php(16): CodeIgniter\Model->__call('get', Array)
#6 C:\xampp\htdocs\Portal_berita\app\Controllers\User.php(13): App\Models\User_model->listing()
#7 C:\xampp\htdocs\Portal_berita\system\CodeIgniter.php(934): App\Controllers\User->index()
#8 C:\xampp\htdocs\Portal_berita\system\CodeIgniter.php(499): CodeIgniter\CodeIgniter->runController(Object(App\Controllers\User))
#9 C:\xampp\htdocs\Portal_berita\system\CodeIgniter.php(368): CodeIgniter\CodeIgniter->handleRequest(NULL, Object(Config\Cache), false)
#10 C:\xampp\htdocs\Portal_berita\public\index.php(67): CodeIgniter\CodeIgniter->run()
#11 C:\xampp\htdocs\Portal_berita\system\Commands\Server\rewrite.php(47): require_once('C:\\xampp\\htdocs...')
#12 {main}
CRITICAL - 2023-05-08 07:15:02 --> Table 'db_berita.tbl_user' doesn't exist in engine
in SYSTEMPATH\Database\BaseConnection.php on line 645.
 1 SYSTEMPATH\Database\BaseBuilder.php(1616): CodeIgniter\Database\BaseConnection->query('SELECT *
FROM `tbl_user`', [], false)
 2 SYSTEMPATH\Model.php(840): CodeIgniter\Database\BaseBuilder->get()
 3 APPPATH\Models\User_model.php(16): CodeIgniter\Model->__call('get', [])
 4 APPPATH\Controllers\User.php(13): App\Models\User_model->listing()
 5 SYSTEMPATH\CodeIgniter.php(934): App\Controllers\User->index()
 6 SYSTEMPATH\CodeIgniter.php(499): CodeIgniter\CodeIgniter->runController(Object(App\Controllers\User))
 7 SYSTEMPATH\CodeIgniter.php(368): CodeIgniter\CodeIgniter->handleRequest(null, Object(Config\Cache), false)
 8 FCPATH\index.php(67): CodeIgniter\CodeIgniter->run()
 9 SYSTEMPATH\Commands\Server\rewrite.php(47): require_once('FCPATH\\index.php')
CRITICAL - 2023-05-08 07:28:38 --> Undefined index: create_at
in APPPATH\Views\user_view.php on line 49.
 1 APPPATH\Views\user_view.php(49): CodeIgniter\Debug\Exceptions->errorHandler(8, 'Undefined index: create_at', 'APPPATH\\Views\\user_view.php', 49, [...])
 2 SYSTEMPATH\View\View.php(213): include('APPPATH\\Views\\user_view.php')
 3 SYSTEMPATH\View\View.php(216): CodeIgniter\View\View->CodeIgniter\View\{closure}()
 4 SYSTEMPATH\Common.php(1184): CodeIgniter\View\View->render('user_view', [], true)
 5 APPPATH\Views\layout\conten.php(3): view('user_view')
 6 APPPATH\Views\layout\wrapper.php(4): require_once('APPPATH\\Views\\layout\\conten.php')
 7 SYSTEMPATH\View\View.php(213): include('APPPATH\\Views\\layout\\wrapper.php')
 8 SYSTEMPATH\View\View.php(216): CodeIgniter\View\View->CodeIgniter\View\{closure}()
 9 SYSTEMPATH\Common.php(1184): CodeIgniter\View\View->render('layout/wrapper', [], true)
10 APPPATH\Controllers\User.php(19): view('layout/wrapper', [...])
11 SYSTEMPATH\CodeIgniter.php(934): App\Controllers\User->index()
12 SYSTEMPATH\CodeIgniter.php(499): CodeIgniter\CodeIgniter->runController(Object(App\Controllers\User))
13 SYSTEMPATH\CodeIgniter.php(368): CodeIgniter\CodeIgniter->handleRequest(null, Object(Config\Cache), false)
14 FCPATH\index.php(67): CodeIgniter\CodeIgniter->run()
15 SYSTEMPATH\Commands\Server\rewrite.php(47): require_once('FCPATH\\index.php')
CRITICAL - 2023-05-08 07:34:12 --> Declaration of App\Models\User_model::save($data) must be compatible with CodeIgniter\BaseModel::save($data): bool
in APPPATH\Models\User_model.php on line 11.
 1 [internal function]: CodeIgniter\Debug\Exceptions->shutdownHandler()
CRITICAL - 2023-05-08 07:35:55 --> Cannot use object of type mysqli as array
in APPPATH\Views\user_view.php on line 40.
 1 SYSTEMPATH\View\View.php(213): include()
 2 SYSTEMPATH\View\View.php(216): CodeIgniter\View\View->CodeIgniter\View\{closure}()
 3 SYSTEMPATH\Common.php(1184): CodeIgniter\View\View->render('user_view', [], true)
 4 APPPATH\Views\layout\conten.php(3): view('user_view')
 5 APPPATH\Views\layout\wrapper.php(4): require_once('APPPATH\\Views\\layout\\conten.php')
 6 SYSTEMPATH\View\View.php(213): include('APPPATH\\Views\\layout\\wrapper.php')
 7 SYSTEMPATH\View\View.php(216): CodeIgniter\View\View->CodeIgniter\View\{closure}()
 8 SYSTEMPATH\Common.php(1184): CodeIgniter\View\View->render('layout/wrapper', [], true)
 9 APPPATH\Controllers\User.php(19): view('layout/wrapper', [...])
10 SYSTEMPATH\CodeIgniter.php(934): App\Controllers\User->index()
11 SYSTEMPATH\CodeIgniter.php(499): CodeIgniter\CodeIgniter->runController(Object(App\Controllers\User))
12 SYSTEMPATH\CodeIgniter.php(368): CodeIgniter\CodeIgniter->handleRequest(null, Object(Config\Cache), false)
13 FCPATH\index.php(67): CodeIgniter\CodeIgniter->run()
14 SYSTEMPATH\Commands\Server\rewrite.php(47): require_once('FCPATH\\index.php')
CRITICAL - 2023-05-08 07:37:12 --> Cannot use object of type stdClass as array
in APPPATH\Views\user_view.php on line 40.
 1 SYSTEMPATH\View\View.php(213): include()
 2 SYSTEMPATH\View\View.php(216): CodeIgniter\View\View->CodeIgniter\View\{closure}()
 3 SYSTEMPATH\Common.php(1184): CodeIgniter\View\View->render('user_view', [], true)
 4 APPPATH\Views\layout\conten.php(3): view('user_view')
 5 APPPATH\Views\layout\wrapper.php(4): require_once('APPPATH\\Views\\layout\\conten.php')
 6 SYSTEMPATH\View\View.php(213): include('APPPATH\\Views\\layout\\wrapper.php')
 7 SYSTEMPATH\View\View.php(216): CodeIgniter\View\View->CodeIgniter\View\{closure}()
 8 SYSTEMPATH\Common.php(1184): CodeIgniter\View\View->render('layout/wrapper', [], true)
 9 APPPATH\Controllers\User.php(20): view('layout/wrapper', [...])
10 SYSTEMPATH\CodeIgniter.php(934): App\Controllers\User->index()
11 SYSTEMPATH\CodeIgniter.php(499): CodeIgniter\CodeIgniter->runController(Object(App\Controllers\User))
12 SYSTEMPATH\CodeIgniter.php(368): CodeIgniter\CodeIgniter->handleRequest(null, Object(Config\Cache), false)
13 FCPATH\index.php(67): CodeIgniter\CodeIgniter->run()
14 SYSTEMPATH\Commands\Server\rewrite.php(47): require_once('FCPATH\\index.php')
CRITICAL - 2023-05-08 07:38:10 --> Cannot use object of type stdClass as array
in APPPATH\Views\user_view.php on line 51.
 1 SYSTEMPATH\View\View.php(213): include()
 2 SYSTEMPATH\View\View.php(216): CodeIgniter\View\View->CodeIgniter\View\{closure}()
 3 SYSTEMPATH\Common.php(1184): CodeIgniter\View\View->render('user_view', [], true)
 4 APPPATH\Views\layout\conten.php(3): view('user_view')
 5 APPPATH\Views\layout\wrapper.php(4): require_once('APPPATH\\Views\\layout\\conten.php')
 6 SYSTEMPATH\View\View.php(213): include('APPPATH\\Views\\layout\\wrapper.php')
 7 SYSTEMPATH\View\View.php(216): CodeIgniter\View\View->CodeIgniter\View\{closure}()
 8 SYSTEMPATH\Common.php(1184): CodeIgniter\View\View->render('layout/wrapper', [], true)
 9 APPPATH\Controllers\User.php(20): view('layout/wrapper', [...])
10 SYSTEMPATH\CodeIgniter.php(934): App\Controllers\User->index()
11 SYSTEMPATH\CodeIgniter.php(499): CodeIgniter\CodeIgniter->runController(Object(App\Controllers\User))
12 SYSTEMPATH\CodeIgniter.php(368): CodeIgniter\CodeIgniter->handleRequest(null, Object(Config\Cache), false)
13 FCPATH\index.php(67): CodeIgniter\CodeIgniter->run()
14 SYSTEMPATH\Commands\Server\rewrite.php(47): require_once('FCPATH\\index.php')
CRITICAL - 2023-05-08 07:38:11 --> Cannot use object of type stdClass as array
in APPPATH\Views\user_view.php on line 51.
 1 SYSTEMPATH\View\View.php(213): include()
 2 SYSTEMPATH\View\View.php(216): CodeIgniter\View\View->CodeIgniter\View\{closure}()
 3 SYSTEMPATH\Common.php(1184): CodeIgniter\View\View->render('user_view', [], true)
 4 APPPATH\Views\layout\conten.php(3): view('user_view')
 5 APPPATH\Views\layout\wrapper.php(4): require_once('APPPATH\\Views\\layout\\conten.php')
 6 SYSTEMPATH\View\View.php(213): include('APPPATH\\Views\\layout\\wrapper.php')
 7 SYSTEMPATH\View\View.php(216): CodeIgniter\View\View->CodeIgniter\View\{closure}()
 8 SYSTEMPATH\Common.php(1184): CodeIgniter\View\View->render('layout/wrapper', [], true)
 9 APPPATH\Controllers\User.php(20): view('layout/wrapper', [...])
10 SYSTEMPATH\CodeIgniter.php(934): App\Controllers\User->index()
11 SYSTEMPATH\CodeIgniter.php(499): CodeIgniter\CodeIgniter->runController(Object(App\Controllers\User))
12 SYSTEMPATH\CodeIgniter.php(368): CodeIgniter\CodeIgniter->handleRequest(null, Object(Config\Cache), false)
13 FCPATH\index.php(67): CodeIgniter\CodeIgniter->run()
14 SYSTEMPATH\Commands\Server\rewrite.php(47): require_once('FCPATH\\index.php')
CRITICAL - 2023-05-08 07:38:42 --> syntax error, unexpected '}'
in APPPATH\Views\user_view.php on line 60.
 1 SYSTEMPATH\View\View.php(216): CodeIgniter\View\View->CodeIgniter\View\{closure}()
 2 SYSTEMPATH\Common.php(1184): CodeIgniter\View\View->render('user_view', [], true)
 3 APPPATH\Views\layout\conten.php(3): view('user_view')
 4 APPPATH\Views\layout\wrapper.php(4): require_once('APPPATH\\Views\\layout\\conten.php')
 5 SYSTEMPATH\View\View.php(213): include('APPPATH\\Views\\layout\\wrapper.php')
 6 SYSTEMPATH\View\View.php(216): CodeIgniter\View\View->CodeIgniter\View\{closure}()
 7 SYSTEMPATH\Common.php(1184): CodeIgniter\View\View->render('layout/wrapper', [], true)
 8 APPPATH\Controllers\User.php(20): view('layout/wrapper', [...])
 9 SYSTEMPATH\CodeIgniter.php(934): App\Controllers\User->index()
10 SYSTEMPATH\CodeIgniter.php(499): CodeIgniter\CodeIgniter->runController(Object(App\Controllers\User))
11 SYSTEMPATH\CodeIgniter.php(368): CodeIgniter\CodeIgniter->handleRequest(null, Object(Config\Cache), false)
12 FCPATH\index.php(67): CodeIgniter\CodeIgniter->run()
13 SYSTEMPATH\Commands\Server\rewrite.php(47): require_once('FCPATH\\index.php')
CRITICAL - 2023-05-08 07:39:15 --> syntax error, unexpected '}'
in APPPATH\Views\user_view.php on line 60.
 1 SYSTEMPATH\View\View.php(216): CodeIgniter\View\View->CodeIgniter\View\{closure}()
 2 SYSTEMPATH\Common.php(1184): CodeIgniter\View\View->render('user_view', [], true)
 3 APPPATH\Views\layout\conten.php(3): view('user_view')
 4 APPPATH\Views\layout\wrapper.php(4): require_once('APPPATH\\Views\\layout\\conten.php')
 5 SYSTEMPATH\View\View.php(213): include('APPPATH\\Views\\layout\\wrapper.php')
 6 SYSTEMPATH\View\View.php(216): CodeIgniter\View\View->CodeIgniter\View\{closure}()
 7 SYSTEMPATH\Common.php(1184): CodeIgniter\View\View->render('layout/wrapper', [], true)
 8 APPPATH\Controllers\User.php(20): view('layout/wrapper', [...])
 9 SYSTEMPATH\CodeIgniter.php(934): App\Controllers\User->index()
10 SYSTEMPATH\CodeIgniter.php(499): CodeIgniter\CodeIgniter->runController(Object(App\Controllers\User))
11 SYSTEMPATH\CodeIgniter.php(368): CodeIgniter\CodeIgniter->handleRequest(null, Object(Config\Cache), false)
12 FCPATH\index.php(67): CodeIgniter\CodeIgniter->run()
13 SYSTEMPATH\Commands\Server\rewrite.php(47): require_once('FCPATH\\index.php')
CRITICAL - 2023-05-08 07:41:29 --> You must set the database table to be used with your query.
in SYSTEMPATH\Database\BaseConnection.php on line 882.
 1 SYSTEMPATH\Model.php(642): CodeIgniter\Database\BaseConnection->table(null)
 2 SYSTEMPATH\Model.php(832): CodeIgniter\Model->builder()
 3 APPPATH\Controllers\User.php(35): CodeIgniter\Model->__call('saveberita', [...])
 4 SYSTEMPATH\CodeIgniter.php(934): App\Controllers\User->tambah()
 5 SYSTEMPATH\CodeIgniter.php(499): CodeIgniter\CodeIgniter->runController(Object(App\Controllers\User))
 6 SYSTEMPATH\CodeIgniter.php(368): CodeIgniter\CodeIgniter->handleRequest(null, Object(Config\Cache), false)
 7 FCPATH\index.php(67): CodeIgniter\CodeIgniter->run()
 8 SYSTEMPATH\Commands\Server\rewrite.php(47): require_once('FCPATH\\index.php')
CRITICAL - 2023-05-08 07:46:02 --> Undefined variable: row
in APPPATH\Views\user_view.php on line 54.
 1 APPPATH\Views\user_view.php(54): CodeIgniter\Debug\Exceptions->errorHandler(8, 'Undefined variable: row', 'APPPATH\\Views\\user_view.php', 54, [...])
 2 SYSTEMPATH\View\View.php(213): include('APPPATH\\Views\\user_view.php')
 3 SYSTEMPATH\View\View.php(216): CodeIgniter\View\View->CodeIgniter\View\{closure}()
 4 SYSTEMPATH\Common.php(1184): CodeIgniter\View\View->render('user_view', [], true)
 5 APPPATH\Views\layout\conten.php(3): view('user_view')
 6 APPPATH\Views\layout\wrapper.php(4): require_once('APPPATH\\Views\\layout\\conten.php')
 7 SYSTEMPATH\View\View.php(213): include('APPPATH\\Views\\layout\\wrapper.php')
 8 SYSTEMPATH\View\View.php(216): CodeIgniter\View\View->CodeIgniter\View\{closure}()
 9 SYSTEMPATH\Common.php(1184): CodeIgniter\View\View->render('layout/wrapper', [], true)
10 APPPATH\Controllers\User.php(20): view('layout/wrapper', [...])
11 SYSTEMPATH\CodeIgniter.php(934): App\Controllers\User->index()
12 SYSTEMPATH\CodeIgniter.php(499): CodeIgniter\CodeIgniter->runController(Object(App\Controllers\User))
13 SYSTEMPATH\CodeIgniter.php(368): CodeIgniter\CodeIgniter->handleRequest(null, Object(Config\Cache), false)
14 FCPATH\index.php(67): CodeIgniter\CodeIgniter->run()
15 SYSTEMPATH\Commands\Server\rewrite.php(47): require_once('FCPATH\\index.php')
CRITICAL - 2023-05-08 07:46:16 --> Undefined variable: row
in APPPATH\Views\user_view.php on line 59.
 1 APPPATH\Views\user_view.php(59): CodeIgniter\Debug\Exceptions->errorHandler(8, 'Undefined variable: row', 'APPPATH\\Views\\user_view.php', 59, [...])
 2 SYSTEMPATH\View\View.php(213): include('APPPATH\\Views\\user_view.php')
 3 SYSTEMPATH\View\View.php(216): CodeIgniter\View\View->CodeIgniter\View\{closure}()
 4 SYSTEMPATH\Common.php(1184): CodeIgniter\View\View->render('user_view', [], true)
 5 APPPATH\Views\layout\conten.php(3): view('user_view')
 6 APPPATH\Views\layout\wrapper.php(4): require_once('APPPATH\\Views\\layout\\conten.php')
 7 SYSTEMPATH\View\View.php(213): include('APPPATH\\Views\\layout\\wrapper.php')
 8 SYSTEMPATH\View\View.php(216): CodeIgniter\View\View->CodeIgniter\View\{closure}()
 9 SYSTEMPATH\Common.php(1184): CodeIgniter\View\View->render('layout/wrapper', [], true)
10 APPPATH\Controllers\User.php(20): view('layout/wrapper', [...])
11 SYSTEMPATH\CodeIgniter.php(934): App\Controllers\User->index()
12 SYSTEMPATH\CodeIgniter.php(499): CodeIgniter\CodeIgniter->runController(Object(App\Controllers\User))
13 SYSTEMPATH\CodeIgniter.php(368): CodeIgniter\CodeIgniter->handleRequest(null, Object(Config\Cache), false)
14 FCPATH\index.php(67): CodeIgniter\CodeIgniter->run()
15 SYSTEMPATH\Commands\Server\rewrite.php(47): require_once('FCPATH\\index.php')
CRITICAL - 2023-05-08 07:46:33 --> Undefined variable: row
in APPPATH\Views\user_view.php on line 59.
 1 APPPATH\Views\user_view.php(59): CodeIgniter\Debug\Exceptions->errorHandler(8, 'Undefined variable: row', 'APPPATH\\Views\\user_view.php', 59, [...])
 2 SYSTEMPATH\View\View.php(213): include('APPPATH\\Views\\user_view.php')
 3 SYSTEMPATH\View\View.php(216): CodeIgniter\View\View->CodeIgniter\View\{closure}()
 4 SYSTEMPATH\Common.php(1184): CodeIgniter\View\View->render('user_view', [], true)
 5 APPPATH\Views\layout\conten.php(3): view('user_view')
 6 APPPATH\Views\layout\wrapper.php(4): require_once('APPPATH\\Views\\layout\\conten.php')
 7 SYSTEMPATH\View\View.php(213): include('APPPATH\\Views\\layout\\wrapper.php')
 8 SYSTEMPATH\View\View.php(216): CodeIgniter\View\View->CodeIgniter\View\{closure}()
 9 SYSTEMPATH\Common.php(1184): CodeIgniter\View\View->render('layout/wrapper', [], true)
10 APPPATH\Controllers\User.php(20): view('layout/wrapper', [...])
11 SYSTEMPATH\CodeIgniter.php(934): App\Controllers\User->index()
12 SYSTEMPATH\CodeIgniter.php(499): CodeIgniter\CodeIgniter->runController(Object(App\Controllers\User))
13 SYSTEMPATH\CodeIgniter.php(368): CodeIgniter\CodeIgniter->handleRequest(null, Object(Config\Cache), false)
14 FCPATH\index.php(67): CodeIgniter\CodeIgniter->run()
15 SYSTEMPATH\Commands\Server\rewrite.php(47): require_once('FCPATH\\index.php')
CRITICAL - 2023-05-08 09:39:00 --> Undefined property: stdClass::$nausername
in APPPATH\Views\user_view.php on line 84.
 1 APPPATH\Views\user_view.php(84): CodeIgniter\Debug\Exceptions->errorHandler(8, 'Undefined property: stdClass::$nausername', 'APPPATH\\Views\\user_view.php', 84, [...])
 2 SYSTEMPATH\View\View.php(213): include('APPPATH\\Views\\user_view.php')
 3 SYSTEMPATH\View\View.php(216): CodeIgniter\View\View->CodeIgniter\View\{closure}()
 4 SYSTEMPATH\Common.php(1184): CodeIgniter\View\View->render('user_view', [], true)
 5 APPPATH\Views\layout\conten.php(3): view('user_view')
 6 APPPATH\Views\layout\wrapper.php(4): require_once('APPPATH\\Views\\layout\\conten.php')
 7 SYSTEMPATH\View\View.php(213): include('APPPATH\\Views\\layout\\wrapper.php')
 8 SYSTEMPATH\View\View.php(216): CodeIgniter\View\View->CodeIgniter\View\{closure}()
 9 SYSTEMPATH\Common.php(1184): CodeIgniter\View\View->render('layout/wrapper', [], true)
10 APPPATH\Controllers\User.php(20): view('layout/wrapper', [...])
11 SYSTEMPATH\CodeIgniter.php(934): App\Controllers\User->index()
12 SYSTEMPATH\CodeIgniter.php(499): CodeIgniter\CodeIgniter->runController(Object(App\Controllers\User))
13 SYSTEMPATH\CodeIgniter.php(368): CodeIgniter\CodeIgniter->handleRequest(null, Object(Config\Cache), false)
14 FCPATH\index.php(67): CodeIgniter\CodeIgniter->run()
15 SYSTEMPATH\Commands\Server\rewrite.php(47): require_once('FCPATH\\index.php')
