CRITICAL - 2023-03-27 08:40:46 --> CodeIgniter\View\View::main(): Failed opening required 'head' (include_path='C:\xampp\php\PEAR')
in APPPATH\Views\layout\wrapper.php on line 2.
 1 [internal function]: CodeIgniter\Debug\Exceptions->shutdownHandler()
CRITICAL - 2023-03-27 08:41:06 --> CodeIgniter\View\View::main(): Failed opening required 'header' (include_path='C:\xampp\php\PEAR')
in APPPATH\Views\layout\wrapper.php on line 2.
 1 [internal function]: CodeIgniter\Debug\Exceptions->shutdownHandler()
CRITICAL - 2023-03-27 08:41:09 --> CodeIgniter\View\View::main(): Failed opening required 'header' (include_path='C:\xampp\php\PEAR')
in APPPATH\Views\layout\wrapper.php on line 2.
 1 [internal function]: CodeIgniter\Debug\Exceptions->shutdownHandler()
CRITICAL - 2023-03-27 08:41:35 --> CodeIgniter\View\View::main(): Failed opening required 'header' (include_path='C:\xampp\php\PEAR')
in APPPATH\Views\layout\wrapper.php on line 2.
 1 [internal function]: CodeIgniter\Debug\Exceptions->shutdownHandler()
CRITICAL - 2023-03-27 08:42:09 --> Undefined variable: conten
in APPPATH\Views\layout\conten.php on line 2.
 1 APPPATH\Views\layout\conten.php(2): CodeIgniter\Debug\Exceptions->errorHandler(8, 'Undefined variable: conten', 'APPPATH\\Views\\layout\\conten.php', 2, [])
 2 APPPATH\Views\layout\wrapper.php(4): require_once('APPPATH\\Views\\layout\\conten.php')
 3 SYSTEMPATH\View\View.php(213): include('APPPATH\\Views\\layout\\wrapper.php')
 4 SYSTEMPATH\View\View.php(216): CodeIgniter\View\View->CodeIgniter\View\{closure}()
 5 SYSTEMPATH\Common.php(1184): CodeIgniter\View\View->render('layout/wrapper', [], true)
 6 APPPATH\Controllers\Dashboard.php(13): view('layout/wrapper')
 7 SYSTEMPATH\CodeIgniter.php(934): App\Controllers\Dashboard->index()
 8 SYSTEMPATH\CodeIgniter.php(499): CodeIgniter\CodeIgniter->runController(Object(App\Controllers\Dashboard))
 9 SYSTEMPATH\CodeIgniter.php(368): CodeIgniter\CodeIgniter->handleRequest(null, Object(Config\Cache), false)
10 FCPATH\index.php(67): CodeIgniter\CodeIgniter->run()
11 SYSTEMPATH\Commands\Server\rewrite.php(47): require_once('FCPATH\\index.php')
